{"name":"Moviesor-Scraper","hostname":"Adams-Mac","pid":35706,"level":30,"msg":"Server running on localhost:3001","time":"2019-10-21T08:20:06.268Z","src":{"file":"/Users/ADAM/Desktop/my_projects/Mochooe/Scraper/app.js","line":19},"v":0}
{"name":"Moviesor-Scraper","hostname":"Adams-Mac","pid":35706,"level":30,"msg":"MongoDB Connected...","time":"2019-10-21T08:20:06.965Z","src":{"file":"/Users/ADAM/Desktop/my_projects/Mochooe/Scraper/config/db.js","line":17,"func":"connectDB"},"v":0}
{"name":"Moviesor-Scraper","hostname":"Adams-Mac.local","pid":21076,"level":30,"msg":"Server running on localhost:3001","time":"2019-10-24T11:53:31.236Z","src":{"file":"/Users/ADAM/Desktop/my_projects/Mochooe/Scraper/app.js","line":19},"v":0}
{"name":"Moviesor-Scraper","hostname":"Adams-Mac.local","pid":21076,"level":30,"msg":"MongoDB Connected...","time":"2019-10-24T11:53:32.067Z","src":{"file":"/Users/ADAM/Desktop/my_projects/Mochooe/Scraper/config/db.js","line":17,"func":"connectDB"},"v":0}
{"name":"Moviesor-Scraper","hostname":"Adams-Mac.local","pid":21089,"level":30,"msg":"Server running on localhost:3001","time":"2019-10-24T11:54:07.846Z","src":{"file":"/Users/ADAM/Desktop/my_projects/Mochooe/Scraper/app.js","line":19},"v":0}
{"name":"Moviesor-Scraper","hostname":"Adams-Mac.local","pid":21089,"level":30,"msg":"MongoDB Connected...","time":"2019-10-24T11:54:08.597Z","src":{"file":"/Users/ADAM/Desktop/my_projects/Mochooe/Scraper/config/db.js","line":17,"func":"connectDB"},"v":0}
{"name":"Moviesor-Scraper","hostname":"Adams-Mac.local","pid":21118,"level":30,"msg":"Server running on localhost:3001","time":"2019-10-24T11:55:55.906Z","src":{"file":"/Users/ADAM/Desktop/my_projects/Mochooe/Scraper/app.js","line":19},"v":0}
{"name":"Moviesor-Scraper","hostname":"Adams-Mac.local","pid":21118,"level":30,"msg":"MongoDB Connected...","time":"2019-10-24T11:55:56.785Z","src":{"file":"/Users/ADAM/Desktop/my_projects/Mochooe/Scraper/config/db.js","line":17,"func":"connectDB"},"v":0}
{"name":"Moviesor-Scraper","hostname":"Adams-Mac.local","pid":21125,"level":30,"msg":"Server running on localhost:3001","time":"2019-10-24T11:56:50.312Z","src":{"file":"/Users/ADAM/Desktop/my_projects/Mochooe/Scraper/app.js","line":19},"v":0}
{"name":"Moviesor-Scraper","hostname":"Adams-Mac.local","pid":21125,"level":30,"msg":"MongoDB Connected...","time":"2019-10-24T11:56:51.007Z","src":{"file":"/Users/ADAM/Desktop/my_projects/Mochooe/Scraper/config/db.js","line":17,"func":"connectDB"},"v":0}
{"name":"Moviesor-Scraper","hostname":"Adams-Mac.local","pid":21811,"level":30,"msg":"Server running on localhost:3001","time":"2019-10-24T12:01:14.525Z","src":{"file":"/Users/ADAM/Desktop/my_projects/Mochooe/Scraper/app.js","line":19},"v":0}
{"name":"Moviesor-Scraper","hostname":"Adams-Mac.local","pid":21811,"level":30,"msg":"MongoDB Connected...","time":"2019-10-24T12:01:15.359Z","src":{"file":"/Users/ADAM/Desktop/my_projects/Mochooe/Scraper/config/db.js","line":17,"func":"connectDB"},"v":0}
{"name":"Moviesor-Scraper","hostname":"Adams-Mac.local","pid":21837,"level":30,"msg":"Server running on localhost:3001","time":"2019-10-24T12:04:14.076Z","src":{"file":"/Users/ADAM/Desktop/my_projects/Mochooe/Scraper/app.js","line":19},"v":0}
{"name":"Moviesor-Scraper","hostname":"Adams-Mac.local","pid":21837,"level":30,"msg":"MongoDB Connected...","time":"2019-10-24T12:04:14.941Z","src":{"file":"/Users/ADAM/Desktop/my_projects/Mochooe/Scraper/config/db.js","line":17,"func":"connectDB"},"v":0}
{"name":"Moviesor-Scraper","hostname":"Adams-Mac.local","pid":21848,"level":30,"msg":"Server running on localhost:3001","time":"2019-10-24T12:05:13.751Z","src":{"file":"/Users/ADAM/Desktop/my_projects/Mochooe/Scraper/app.js","line":19},"v":0}
{"name":"Moviesor-Scraper","hostname":"Adams-Mac.local","pid":21848,"level":30,"msg":"MongoDB Connected...","time":"2019-10-24T12:05:14.497Z","src":{"file":"/Users/ADAM/Desktop/my_projects/Mochooe/Scraper/config/db.js","line":17,"func":"connectDB"},"v":0}
{"name":"Moviesor-Scraper","hostname":"Adams-Mac.local","pid":21877,"level":30,"msg":"Server running on localhost:3001","time":"2019-10-24T12:07:43.071Z","src":{"file":"/Users/ADAM/Desktop/my_projects/Mochooe/Scraper/app.js","line":19},"v":0}
{"name":"Moviesor-Scraper","hostname":"Adams-Mac.local","pid":21877,"level":30,"msg":"MongoDB Connected...","time":"2019-10-24T12:07:43.884Z","src":{"file":"/Users/ADAM/Desktop/my_projects/Mochooe/Scraper/config/db.js","line":17,"func":"connectDB"},"v":0}
{"name":"Moviesor-Scraper","hostname":"Adams-Mac.local","pid":21877,"level":30,"Modified":"no","msg":"","time":"2019-10-24T12:08:17.632Z","src":{"file":"/Users/ADAM/Desktop/my_projects/Mochooe/Scraper/controllers/DB/field.js","line":11,"func":"renameField"},"v":0}
{"name":"Moviesor-Scraper","hostname":"Adams-Mac.local","pid":21877,"level":30,"n":3020,"nModified":3020,"opTime":{"ts":"6751340254579395532","t":86},"electionId":"7fffffff0000000000000056","ok":1,"operationTime":"6751340254579395532","$clusterTime":{"clusterTime":"6751340254579395532","signature":{"hash":"4yHiVAHbKfrEfWXQa3hF6L2ihS0=","keyId":"6739408955690188801"}},"msg":"","time":"2019-10-24T12:08:17.636Z","src":{"file":"/Users/ADAM/Desktop/my_projects/Mochooe/Scraper/controllers/DB/field.js","line":24,"func":"renameFieldCont"},"v":0}
{"name":"Moviesor-Scraper","hostname":"Adams-Mac.local","pid":21912,"level":30,"msg":"Server running on localhost:3001","time":"2019-10-24T12:12:07.652Z","src":{"file":"/Users/ADAM/Desktop/my_projects/Mochooe/Scraper/app.js","line":19},"v":0}
{"name":"Moviesor-Scraper","hostname":"Adams-Mac.local","pid":21912,"level":30,"msg":"MongoDB Connected...","time":"2019-10-24T12:12:08.538Z","src":{"file":"/Users/ADAM/Desktop/my_projects/Mochooe/Scraper/config/db.js","line":17,"func":"connectDB"},"v":0}
{"name":"Moviesor-Scraper","hostname":"Adams-Mac.local","pid":21925,"level":30,"msg":"Server running on localhost:3001","time":"2019-10-24T12:12:46.235Z","src":{"file":"/Users/ADAM/Desktop/my_projects/Mochooe/Scraper/app.js","line":19},"v":0}
{"name":"Moviesor-Scraper","hostname":"Adams-Mac.local","pid":21925,"level":30,"msg":"MongoDB Connected...","time":"2019-10-24T12:12:46.930Z","src":{"file":"/Users/ADAM/Desktop/my_projects/Mochooe/Scraper/config/db.js","line":17,"func":"connectDB"},"v":0}
{"name":"Moviesor-Scraper","hostname":"Adams-Mac.local","pid":21946,"level":30,"msg":"Server running on localhost:3001","time":"2019-10-24T12:19:44.233Z","src":{"file":"/Users/ADAM/Desktop/my_projects/Mochooe/Scraper/app.js","line":19},"v":0}
{"name":"Moviesor-Scraper","hostname":"Adams-Mac.local","pid":21946,"level":30,"msg":"MongoDB Connected...","time":"2019-10-24T12:19:45.024Z","src":{"file":"/Users/ADAM/Desktop/my_projects/Mochooe/Scraper/config/db.js","line":17,"func":"connectDB"},"v":0}
{"name":"Moviesor-Scraper","hostname":"Adams-Mac.local","pid":22005,"level":30,"msg":"Server running on localhost:3001","time":"2019-10-24T12:29:39.868Z","src":{"file":"/Users/ADAM/Desktop/my_projects/Mochooe/Scraper/app.js","line":19},"v":0}
{"name":"Moviesor-Scraper","hostname":"Adams-Mac.local","pid":22005,"level":30,"msg":"MongoDB Connected...","time":"2019-10-24T12:29:40.667Z","src":{"file":"/Users/ADAM/Desktop/my_projects/Mochooe/Scraper/config/db.js","line":17,"func":"connectDB"},"v":0}
{"name":"Moviesor-Scraper","hostname":"Adams-Mac.local","pid":22020,"level":30,"msg":"Server running on localhost:3001","time":"2019-10-24T12:30:41.496Z","src":{"file":"/Users/ADAM/Desktop/my_projects/Mochooe/Scraper/app.js","line":19},"v":0}
{"name":"Moviesor-Scraper","hostname":"Adams-Mac.local","pid":22020,"level":30,"msg":"MongoDB Connected...","time":"2019-10-24T12:30:42.174Z","src":{"file":"/Users/ADAM/Desktop/my_projects/Mochooe/Scraper/config/db.js","line":17,"func":"connectDB"},"v":0}
{"name":"Moviesor-Scraper","hostname":"Adams-Mac.local","pid":22213,"level":30,"msg":"Server running on localhost:3001","time":"2019-10-24T12:36:48.849Z","src":{"file":"/Users/ADAM/Desktop/my_projects/Mochooe/Scraper/app.js","line":19},"v":0}
{"name":"Moviesor-Scraper","hostname":"Adams-Mac.local","pid":22213,"level":30,"msg":"MongoDB Connected...","time":"2019-10-24T12:36:49.644Z","src":{"file":"/Users/ADAM/Desktop/my_projects/Mochooe/Scraper/config/db.js","line":17,"func":"connectDB"},"v":0}
{"name":"Moviesor-Scraper","hostname":"Adams-Mac.local","pid":22219,"level":30,"msg":"Server running on localhost:3001","time":"2019-10-24T12:36:52.208Z","src":{"file":"/Users/ADAM/Desktop/my_projects/Mochooe/Scraper/app.js","line":19},"v":0}
{"name":"Moviesor-Scraper","hostname":"Adams-Mac.local","pid":22219,"level":30,"msg":"MongoDB Connected...","time":"2019-10-24T12:36:53.012Z","src":{"file":"/Users/ADAM/Desktop/my_projects/Mochooe/Scraper/config/db.js","line":17,"func":"connectDB"},"v":0}
{"name":"Moviesor-Scraper","hostname":"Adams-Mac.local","pid":22235,"level":30,"msg":"Server running on localhost:3001","time":"2019-10-24T12:37:32.646Z","src":{"file":"/Users/ADAM/Desktop/my_projects/Mochooe/Scraper/app.js","line":19},"v":0}
{"name":"Moviesor-Scraper","hostname":"Adams-Mac.local","pid":22235,"level":30,"msg":"MongoDB Connected...","time":"2019-10-24T12:37:33.299Z","src":{"file":"/Users/ADAM/Desktop/my_projects/Mochooe/Scraper/config/db.js","line":17,"func":"connectDB"},"v":0}
{"name":"Moviesor-Scraper","hostname":"Adams-Mac.local","pid":22239,"level":30,"msg":"Server running on localhost:3001","time":"2019-10-24T12:37:47.544Z","src":{"file":"/Users/ADAM/Desktop/my_projects/Mochooe/Scraper/app.js","line":19},"v":0}
{"name":"Moviesor-Scraper","hostname":"Adams-Mac.local","pid":22239,"level":30,"msg":"MongoDB Connected...","time":"2019-10-24T12:37:48.283Z","src":{"file":"/Users/ADAM/Desktop/my_projects/Mochooe/Scraper/config/db.js","line":17,"func":"connectDB"},"v":0}
{"name":"Moviesor-Scraper","hostname":"Adams-Mac.local","pid":22257,"level":30,"msg":"Server running on localhost:3001","time":"2019-10-24T12:38:45.969Z","src":{"file":"/Users/ADAM/Desktop/my_projects/Mochooe/Scraper/app.js","line":19},"v":0}
{"name":"Moviesor-Scraper","hostname":"Adams-Mac.local","pid":22257,"level":30,"msg":"MongoDB Connected...","time":"2019-10-24T12:38:46.816Z","src":{"file":"/Users/ADAM/Desktop/my_projects/Mochooe/Scraper/config/db.js","line":17,"func":"connectDB"},"v":0}
{"name":"Moviesor-Scraper","hostname":"Adams-Mac.local","pid":22257,"level":50,"msg":"[\n  { filter: 'filter required' },\n  { update: 'update required' },\n  { options: 'options required' }\n]","time":"2019-10-24T12:39:07.066Z","src":{"file":"/Users/ADAM/Desktop/my_projects/Mochooe/Scraper/helpers/validation.js","line":37,"func":"validate"},"v":0}
{"name":"Moviesor-Scraper","hostname":"Adams-Mac.local","pid":22257,"level":50,"msg":"[ { options: 'options required' } ]","time":"2019-10-24T12:41:35.779Z","src":{"file":"/Users/ADAM/Desktop/my_projects/Mochooe/Scraper/helpers/validation.js","line":37,"func":"validate"},"v":0}
{"name":"Moviesor-Scraper","hostname":"Adams-Mac.local","pid":22257,"level":50,"msg":"Invalid data, SyntaxError: Unexpected token $ in JSON at position 30","time":"2019-10-24T12:43:06.027Z","src":{"file":"/Users/ADAM/Desktop/my_projects/Mochooe/Scraper/middleware/syntaxErr.js","line":5,"func":"syntaxErr"},"v":0}
{"name":"Moviesor-Scraper","hostname":"Adams-Mac.local","pid":22257,"level":50,"msg":"Invalid data, SyntaxError: Unexpected token $ in JSON at position 30","time":"2019-10-24T12:43:59.049Z","src":{"file":"/Users/ADAM/Desktop/my_projects/Mochooe/Scraper/middleware/syntaxErr.js","line":5,"func":"syntaxErr"},"v":0}
{"name":"Moviesor-Scraper","hostname":"Adams-Mac.local","pid":22257,"level":50,"msg":"Invalid data, SyntaxError: Unexpected token $ in JSON at position 30","time":"2019-10-24T12:44:17.966Z","src":{"file":"/Users/ADAM/Desktop/my_projects/Mochooe/Scraper/middleware/syntaxErr.js","line":5,"func":"syntaxErr"},"v":0}
{"name":"Moviesor-Scraper","hostname":"Adams-Mac.local","pid":22274,"level":30,"msg":"Server running on localhost:3001","time":"2019-10-24T12:45:07.502Z","src":{"file":"/Users/ADAM/Desktop/my_projects/Mochooe/Scraper/app.js","line":19},"v":0}
{"name":"Moviesor-Scraper","hostname":"Adams-Mac.local","pid":22274,"level":30,"msg":"MongoDB Connected...","time":"2019-10-24T12:45:08.311Z","src":{"file":"/Users/ADAM/Desktop/my_projects/Mochooe/Scraper/config/db.js","line":17,"func":"connectDB"},"v":0}
{"name":"Moviesor-Scraper","hostname":"Adams-Mac.local","pid":22274,"level":30,"n":3020,"nModified":3020,"opTime":{"ts":"6751349969795419087","t":86},"electionId":"7fffffff0000000000000056","ok":1,"operationTime":"6751349969795419087","$clusterTime":{"clusterTime":"6751349969795419087","signature":{"hash":"oy12QJLUjHdchkL13+NXbhRawBE=","keyId":"6739408955690188801"}},"msg":"","time":"2019-10-24T12:46:07.232Z","src":{"file":"/Users/ADAM/Desktop/my_projects/Mochooe/Scraper/controllers/DB/updateMany.js","line":14,"func":"updateManyCont"},"v":0}
{"name":"Moviesor-Scraper","hostname":"Adams-Mac.local","pid":22295,"level":30,"msg":"Server running on localhost:3001","time":"2019-10-24T12:47:53.035Z","src":{"file":"/Users/ADAM/Desktop/my_projects/Mochooe/Scraper/app.js","line":19},"v":0}
{"name":"Moviesor-Scraper","hostname":"Adams-Mac.local","pid":22295,"level":30,"msg":"MongoDB Connected...","time":"2019-10-24T12:47:53.879Z","src":{"file":"/Users/ADAM/Desktop/my_projects/Mochooe/Scraper/config/db.js","line":17,"func":"connectDB"},"v":0}
{"name":"Moviesor-Scraper","hostname":"Adams-Mac.local","pid":22303,"level":30,"msg":"Server running on localhost:3001","time":"2019-10-24T12:48:00.618Z","src":{"file":"/Users/ADAM/Desktop/my_projects/Mochooe/Scraper/app.js","line":19},"v":0}
{"name":"Moviesor-Scraper","hostname":"Adams-Mac.local","pid":22303,"level":30,"msg":"MongoDB Connected...","time":"2019-10-24T12:48:01.379Z","src":{"file":"/Users/ADAM/Desktop/my_projects/Mochooe/Scraper/config/db.js","line":17,"func":"connectDB"},"v":0}
{"name":"Moviesor-Scraper","hostname":"Adams-Mac.local","pid":22325,"level":30,"msg":"Server running on localhost:3001","time":"2019-10-24T12:52:30.925Z","src":{"file":"/Users/ADAM/Desktop/my_projects/Mochooe/Scraper/app.js","line":19},"v":0}
{"name":"Moviesor-Scraper","hostname":"Adams-Mac.local","pid":22325,"level":30,"msg":"MongoDB Connected...","time":"2019-10-24T12:52:31.779Z","src":{"file":"/Users/ADAM/Desktop/my_projects/Mochooe/Scraper/config/db.js","line":17,"func":"connectDB"},"v":0}
{"name":"Moviesor-Scraper","hostname":"Adams-Mac.local","pid":22331,"level":30,"msg":"Server running on localhost:3001","time":"2019-10-24T12:53:21.046Z","src":{"file":"/Users/ADAM/Desktop/my_projects/Mochooe/Scraper/app.js","line":19},"v":0}
{"name":"Moviesor-Scraper","hostname":"Adams-Mac.local","pid":22331,"level":30,"msg":"MongoDB Connected...","time":"2019-10-24T12:53:21.778Z","src":{"file":"/Users/ADAM/Desktop/my_projects/Mochooe/Scraper/config/db.js","line":17,"func":"connectDB"},"v":0}
{"name":"Moviesor-Scraper","hostname":"Adams-Mac.local","pid":22560,"level":30,"msg":"Server running on localhost:3001","time":"2019-10-24T12:58:04.736Z","src":{"file":"/Users/ADAM/Desktop/my_projects/Mochooe/Scraper/app.js","line":19},"v":0}
{"name":"Moviesor-Scraper","hostname":"Adams-Mac.local","pid":22560,"level":30,"msg":"MongoDB Connected...","time":"2019-10-24T12:58:05.497Z","src":{"file":"/Users/ADAM/Desktop/my_projects/Mochooe/Scraper/config/db.js","line":17,"func":"connectDB"},"v":0}
{"name":"Moviesor-Scraper","hostname":"Adams-Mac.local","pid":22576,"level":30,"msg":"Server running on localhost:3001","time":"2019-10-24T12:58:25.090Z","src":{"file":"/Users/ADAM/Desktop/my_projects/Mochooe/Scraper/app.js","line":19},"v":0}
{"name":"Moviesor-Scraper","hostname":"Adams-Mac.local","pid":22576,"level":30,"msg":"MongoDB Connected...","time":"2019-10-24T12:58:25.818Z","src":{"file":"/Users/ADAM/Desktop/my_projects/Mochooe/Scraper/config/db.js","line":17,"func":"connectDB"},"v":0}
{"name":"Moviesor-Scraper","hostname":"Adams-Mac.local","pid":22592,"level":30,"msg":"Server running on localhost:3001","time":"2019-10-24T12:58:50.115Z","src":{"file":"/Users/ADAM/Desktop/my_projects/Mochooe/Scraper/app.js","line":19},"v":0}
{"name":"Moviesor-Scraper","hostname":"Adams-Mac.local","pid":22592,"level":30,"msg":"MongoDB Connected...","time":"2019-10-24T12:58:50.909Z","src":{"file":"/Users/ADAM/Desktop/my_projects/Mochooe/Scraper/config/db.js","line":17,"func":"connectDB"},"v":0}
{"name":"Moviesor-Scraper","hostname":"Adams-Mac.local","pid":22620,"level":30,"msg":"Server running on localhost:3001","time":"2019-10-24T13:03:50.523Z","src":{"file":"/Users/ADAM/Desktop/my_projects/Mochooe/Scraper/app.js","line":19},"v":0}
{"name":"Moviesor-Scraper","hostname":"Adams-Mac.local","pid":22620,"level":30,"msg":"MongoDB Connected...","time":"2019-10-24T13:03:51.347Z","src":{"file":"/Users/ADAM/Desktop/my_projects/Mochooe/Scraper/config/db.js","line":17,"func":"connectDB"},"v":0}
{"name":"Moviesor-Scraper","hostname":"Adams-Mac.local","pid":22646,"level":30,"msg":"Server running on localhost:3001","time":"2019-10-24T13:07:43.553Z","src":{"file":"/Users/ADAM/Desktop/my_projects/Mochooe/Scraper/app.js","line":19},"v":0}
{"name":"Moviesor-Scraper","hostname":"Adams-Mac.local","pid":22646,"level":30,"msg":"MongoDB Connected...","time":"2019-10-24T13:07:44.341Z","src":{"file":"/Users/ADAM/Desktop/my_projects/Mochooe/Scraper/config/db.js","line":17,"func":"connectDB"},"v":0}
{"name":"Moviesor-Scraper","hostname":"Adams-Mac.local","pid":22657,"level":30,"msg":"Server running on localhost:3001","time":"2019-10-24T13:08:20.458Z","src":{"file":"/Users/ADAM/Desktop/my_projects/Mochooe/Scraper/app.js","line":19},"v":0}
{"name":"Moviesor-Scraper","hostname":"Adams-Mac.local","pid":22657,"level":30,"msg":"MongoDB Connected...","time":"2019-10-24T13:08:21.230Z","src":{"file":"/Users/ADAM/Desktop/my_projects/Mochooe/Scraper/config/db.js","line":17,"func":"connectDB"},"v":0}
